<?xml version="1.0" encoding="UTF-8"?>
<!-- Generated by org.testng.reporters.JUnitXMLReporter -->
<testsuite ignored="0" hostname="V-Nour-Laptop" failures="0" tests="3" name="Test" time="31.531" errors="0" timestamp="2023-05-06T16:33:38 EET">
  <testcase classname="Tests.HomePgaeTests" name="verifyValidBirthdateData" time="1.823"/>
  <testcase classname="Tests.HomePgaeTests" name="verifyLessThanEighteenBirthdateData" time="0.194"/>
  <testcase classname="Tests.HomePgaeTests" name="verifyinvalidBirthdateDay" time="0.197"/>
</testsuite> <!-- Test -->
